# JRE version: Java(TM) SE Runtime Environment (8.0_171-b11) (build 1.8.0_171-b11)
# Java VM: Java HotSpot(TM) 64-Bit Server VM (25.171-b11 mixed mode windows-amd64 compressed oops)
Heap:
 PSYoungGen      total 518656K, used 10334K [0x000000076af00000, 0x000000078aa80000, 0x00000007c0000000)
  eden space 518144K, 1% used [0x000000076af00000,0x000000076b9179a8,0x000000078a900000)
  from space 512K, 0% used [0x000000078a980000,0x000000078a980000,0x000000078aa00000)
  to   space 512K, 0% used [0x000000078aa00000,0x000000078aa00000,0x000000078aa80000)
 ParOldGen       total 175104K, used 6225K [0x00000006c0c00000, 0x00000006cb700000, 0x000000076af00000)
  object space 175104K, 3% used [0x00000006c0c00000,0x00000006c12147e8,0x00000006cb700000)
 Metaspace       used 14270K, capacity 14773K, committed 14848K, reserved 1062912K
  class space    used 1351K, capacity 1515K, committed 1536K, reserved 1048576K
GC Heap History (10 events):
Event: 3.327 GC heap before
{Heap before GC invocations=150 (full 71):
 PSYoungGen      total 518656K, used 32K [0x000000076af00000, 0x000000078aa80000, 0x00000007c0000000)
  eden space 518144K, 0% used [0x000000076af00000,0x000000076af00000,0x000000078a900000)
  from space 512K, 6% used [0x000000078a980000,0x000000078a988000,0x000000078aa00000)
  to   space 512K, 0% used [0x000000078aa00000,0x000000078aa00000,0x000000078aa80000)
 ParOldGen       total 175104K, used 6226K [0x00000006c0c00000, 0x00000006cb700000, 0x000000076af00000)
  object space 175104K, 3% used [0x00000006c0c00000,0x00000006c1214908,0x00000006cb700000)
 Metaspace       used 14227K, capacity 14721K, committed 14848K, reserved 1062912K
  class space    used 1341K, capacity 1475K, committed 1536K, reserved 1048576K
Event: 3.334 GC heap after
Heap after GC invocations=150 (full 71):
 PSYoungGen      total 518656K, used 0K [0x000000076af00000, 0x000000078aa80000, 0x00000007c0000000)
  eden space 518144K, 0% used [0x000000076af00000,0x000000076af00000,0x000000078a900000)
  from space 512K, 0% used [0x000000078a980000,0x000000078a980000,0x000000078aa00000)
  to   space 512K, 0% used [0x000000078aa00000,0x000000078aa00000,0x000000078aa80000)
 ParOldGen       total 175104K, used 6226K [0x00000006c0c00000, 0x00000006cb700000, 0x000000076af00000)
  object space 175104K, 3% used [0x00000006c0c00000,0x00000006c1214908,0x00000006cb700000)
 Metaspace       used 14227K, capacity 14721K, committed 14848K, reserved 1062912K
  class space    used 1341K, capacity 1475K, committed 1536K, reserved 1048576K
}
Event: 3.337 GC heap before
{Heap before GC invocations=151 (full 71):
 PSYoungGen      total 518656K, used 10334K [0x000000076af00000, 0x000000078aa80000, 0x00000007c0000000)
  eden space 518144K, 1% used [0x000000076af00000,0x000000076b9179e0,0x000000078a900000)
  from space 512K, 0% used [0x000000078a980000,0x000000078a980000,0x000000078aa00000)
  to   space 512K, 0% used [0x000000078aa00000,0x000000078aa00000,0x000000078aa80000)
 ParOldGen       total 175104K, used 6226K [0x00000006c0c00000, 0x00000006cb700000, 0x000000076af00000)
  object space 175104K, 3% used [0x00000006c0c00000,0x00000006c1214908,0x00000006cb700000)
 Metaspace       used 14227K, capacity 14721K, committed 14848K, reserved 1062912K
  class space    used 1341K, capacity 1475K, committed 1536K, reserved 1048576K
Event: 3.337 GC heap after
Heap after GC invocations=151 (full 71):
 PSYoungGen      total 518656K, used 0K [0x000000076af00000, 0x000000078aa80000, 0x00000007c0000000)
  eden space 518144K, 0% used [0x000000076af00000,0x000000076af00000,0x000000078a900000)
  from space 512K, 0% used [0x000000078aa00000,0x000000078aa00000,0x000000078aa80000)
  to   space 512K, 0% used [0x000000078a980000,0x000000078a980000,0x000000078aa00000)
 ParOldGen       total 175104K, used 6226K [0x00000006c0c00000, 0x00000006cb700000, 0x000000076af00000)
  object space 175104K, 3% used [0x00000006c0c00000,0x00000006c1214908,0x00000006cb700000)
 Metaspace       used 14227K, capacity 14721K, committed 14848K, reserved 1062912K
  class space    used 1341K, capacity 1475K, committed 1536K, reserved 1048576K
}
Event: 3.337 GC heap before
{Heap before GC invocations=152 (full 72):
 PSYoungGen      total 518656K, used 0K [0x000000076af00000, 0x000000078aa80000, 0x00000007c0000000)
  eden space 518144K, 0% used [0x000000076af00000,0x000000076af00000,0x000000078a900000)
  from space 512K, 0% used [0x000000078aa00000,0x000000078aa00000,0x000000078aa80000)
  to   space 512K, 0% used [0x000000078a980000,0x000000078a980000,0x000000078aa00000)
 ParOldGen       total 175104K, used 6226K [0x00000006c0c00000, 0x00000006cb700000, 0x000000076af00000)
  object space 175104K, 3% used [0x00000006c0c00000,0x00000006c1214908,0x00000006cb700000)
 Metaspace       used 14227K, capacity 14721K, committed 14848K, reserved 1062912K
  class space    used 1341K, capacity 1475K, committed 1536K, reserved 1048576K
Event: 3.345 GC heap after
Heap after GC invocations=152 (full 72):
 PSYoungGen      total 518656K, used 0K [0x000000076af00000, 0x000000078aa80000, 0x00000007c0000000)
  eden space 518144K, 0% used [0x000000076af00000,0x000000076af00000,0x000000078a900000)
  from space 512K, 0% used [0x000000078aa00000,0x000000078aa00000,0x000000078aa80000)
  to   space 512K, 0% used [0x000000078a980000,0x000000078a980000,0x000000078aa00000)
 ParOldGen       total 175104K, used 6225K [0x00000006c0c00000, 0x00000006cb700000, 0x000000076af00000)
  object space 175104K, 3% used [0x00000006c0c00000,0x00000006c12147e8,0x00000006cb700000)
 Metaspace       used 14227K, capacity 14721K, committed 14848K, reserved 1062912K
  class space    used 1341K, capacity 1475K, committed 1536K, reserved 1048576K
}
Event: 3.347 GC heap before
{Heap before GC invocations=153 (full 72):
 PSYoungGen      total 518656K, used 10334K [0x000000076af00000, 0x000000078aa80000, 0x00000007c0000000)
  eden space 518144K, 1% used [0x000000076af00000,0x000000076b9179e0,0x000000078a900000)
  from space 512K, 0% used [0x000000078aa00000,0x000000078aa00000,0x000000078aa80000)
  to   space 512K, 0% used [0x000000078a980000,0x000000078a980000,0x000000078aa00000)
 ParOldGen       total 175104K, used 6225K [0x00000006c0c00000, 0x00000006cb700000, 0x000000076af00000)
  object space 175104K, 3% used [0x00000006c0c00000,0x00000006c12147e8,0x00000006cb700000)
 Metaspace       used 14227K, capacity 14721K, committed 14848K, reserved 1062912K
  class space    used 1341K, capacity 1475K, committed 1536K, reserved 1048576K
Event: 3.347 GC heap after
Heap after GC invocations=153 (full 72):
 PSYoungGen      total 518656K, used 0K [0x000000076af00000, 0x000000078aa80000, 0x00000007c0000000)
  eden space 518144K, 0% used [0x000000076af00000,0x000000076af00000,0x000000078a900000)
  from space 512K, 0% used [0x000000078a980000,0x000000078a980000,0x000000078aa00000)
  to   space 512K, 0% used [0x000000078aa00000,0x000000078aa00000,0x000000078aa80000)
 ParOldGen       total 175104K, used 6225K [0x00000006c0c00000, 0x00000006cb700000, 0x000000076af00000)
  object space 175104K, 3% used [0x00000006c0c00000,0x00000006c12147e8,0x00000006cb700000)
 Metaspace       used 14227K, capacity 14721K, committed 14848K, reserved 1062912K
  class space    used 1341K, capacity 1475K, committed 1536K, reserved 1048576K
}
Event: 3.347 GC heap before
{Heap before GC invocations=154 (full 73):
 PSYoungGen      total 518656K, used 0K [0x000000076af00000, 0x000000078aa80000, 0x00000007c0000000)
  eden space 518144K, 0% used [0x000000076af00000,0x000000076af00000,0x000000078a900000)
  from space 512K, 0% used [0x000000078a980000,0x000000078a980000,0x000000078aa00000)
  to   space 512K, 0% used [0x000000078aa00000,0x000000078aa00000,0x000000078aa80000)
 ParOldGen       total 175104K, used 6225K [0x00000006c0c00000, 0x00000006cb700000, 0x000000076af00000)
  object space 175104K, 3% used [0x00000006c0c00000,0x00000006c12147e8,0x00000006cb700000)
 Metaspace       used 14227K, capacity 14721K, committed 14848K, reserved 1062912K
  class space    used 1341K, capacity 1475K, committed 1536K, reserved 1048576K
Event: 3.355 GC heap after
Heap after GC invocations=154 (full 73):
 PSYoungGen      total 518656K, used 0K [0x000000076af00000, 0x000000078aa80000, 0x00000007c0000000)
  eden space 518144K, 0% used [0x000000076af00000,0x000000076af00000,0x000000078a900000)
  from space 512K, 0% used [0x000000078a980000,0x000000078a980000,0x000000078aa00000)
  to   space 512K, 0% used [0x000000078aa00000,0x000000078aa00000,0x000000078aa80000)
 ParOldGen       total 175104K, used 6225K [0x00000006c0c00000, 0x00000006cb700000, 0x000000076af00000)
  object space 175104K, 3% used [0x00000006c0c00000,0x00000006c12147e8,0x00000006cb700000)
 Metaspace       used 14227K, capacity 14721K, committed 14848K, reserved 1062912K
  class space    used 1341K, capacity 1475K, committed 1536K, reserved 1048576K
}

